<?xml version="1.0" encoding="UTF-8"?>
<testsuite name="com.heumsi.springboot.web.domain.posts.PostsRepositoryTest" tests="1" skipped="0" failures="0" errors="0" timestamp="2020-01-11T15:24:41" hostname="Macui-MacBook-Pro.local" time="0.442">
  <properties/>
  <testcase name="BaseTimeEntity_등록" classname="com.heumsi.springboot.web.domain.posts.PostsRepositoryTest" time="0.442"/>
  <system-out><![CDATA[00:24:31.403 [Test worker] DEBUG org.springframework.test.context.junit4.SpringJUnit4ClassRunner - SpringJUnit4ClassRunner constructor called with [class com.heumsi.springboot.web.domain.posts.PostsRepositoryTest]
00:24:31.414 [Test worker] DEBUG org.springframework.test.context.BootstrapUtils - Instantiating CacheAwareContextLoaderDelegate from class [org.springframework.test.context.cache.DefaultCacheAwareContextLoaderDelegate]
00:24:31.422 [Test worker] DEBUG org.springframework.test.context.BootstrapUtils - Instantiating BootstrapContext using constructor [public org.springframework.test.context.support.DefaultBootstrapContext(java.lang.Class,org.springframework.test.context.CacheAwareContextLoaderDelegate)]
00:24:31.441 [Test worker] DEBUG org.springframework.test.context.BootstrapUtils - Instantiating TestContextBootstrapper for test class [com.heumsi.springboot.web.domain.posts.PostsRepositoryTest] from class [org.springframework.boot.test.context.SpringBootTestContextBootstrapper]
00:24:31.453 [Test worker] INFO org.springframework.boot.test.context.SpringBootTestContextBootstrapper - Neither @ContextConfiguration nor @ContextHierarchy found for test class [com.heumsi.springboot.web.domain.posts.PostsRepositoryTest], using SpringBootContextLoader
00:24:31.457 [Test worker] DEBUG org.springframework.test.context.support.AbstractContextLoader - Did not detect default resource location for test class [com.heumsi.springboot.web.domain.posts.PostsRepositoryTest]: class path resource [com/heumsi/springboot/web/domain/posts/PostsRepositoryTest-context.xml] does not exist
00:24:31.458 [Test worker] DEBUG org.springframework.test.context.support.AbstractContextLoader - Did not detect default resource location for test class [com.heumsi.springboot.web.domain.posts.PostsRepositoryTest]: class path resource [com/heumsi/springboot/web/domain/posts/PostsRepositoryTestContext.groovy] does not exist
00:24:31.459 [Test worker] INFO org.springframework.test.context.support.AbstractContextLoader - Could not detect default resource locations for test class [com.heumsi.springboot.web.domain.posts.PostsRepositoryTest]: no resource found for suffixes {-context.xml, Context.groovy}.
00:24:31.460 [Test worker] INFO org.springframework.test.context.support.AnnotationConfigContextLoaderUtils - Could not detect default configuration classes for test class [com.heumsi.springboot.web.domain.posts.PostsRepositoryTest]: PostsRepositoryTest does not declare any static, non-private, non-final, nested classes annotated with @Configuration.
00:24:31.505 [Test worker] DEBUG org.springframework.test.context.support.ActiveProfilesUtils - Could not find an 'annotation declaring class' for annotation type [org.springframework.test.context.ActiveProfiles] and class [com.heumsi.springboot.web.domain.posts.PostsRepositoryTest]
00:24:31.608 [Test worker] DEBUG org.springframework.context.annotation.ClassPathScanningCandidateComponentProvider - Identified candidate component class: file [/Users/heumsi/Desktop/dev/springboot/springboot2-webservice/build/classes/java/main/com/heumsi/springboot/Application.class]
00:24:31.610 [Test worker] INFO org.springframework.boot.test.context.SpringBootTestContextBootstrapper - Found @SpringBootConfiguration com.heumsi.springboot.Application for test class com.heumsi.springboot.web.domain.posts.PostsRepositoryTest
00:24:31.703 [Test worker] DEBUG org.springframework.boot.test.context.SpringBootTestContextBootstrapper - @TestExecutionListeners is not present for class [com.heumsi.springboot.web.domain.posts.PostsRepositoryTest]: using defaults.
00:24:31.704 [Test worker] INFO org.springframework.boot.test.context.SpringBootTestContextBootstrapper - Loaded default TestExecutionListener class names from location [META-INF/spring.factories]: [org.springframework.boot.test.autoconfigure.restdocs.RestDocsTestExecutionListener, org.springframework.boot.test.autoconfigure.web.client.MockRestServiceServerResetTestExecutionListener, org.springframework.boot.test.autoconfigure.web.servlet.MockMvcPrintOnlyOnFailureTestExecutionListener, org.springframework.boot.test.autoconfigure.web.servlet.WebDriverTestExecutionListener, org.springframework.boot.test.mock.mockito.MockitoTestExecutionListener, org.springframework.boot.test.mock.mockito.ResetMocksTestExecutionListener, org.springframework.test.context.web.ServletTestExecutionListener, org.springframework.test.context.support.DirtiesContextBeforeModesTestExecutionListener, org.springframework.test.context.support.DependencyInjectionTestExecutionListener, org.springframework.test.context.support.DirtiesContextTestExecutionListener, org.springframework.test.context.transaction.TransactionalTestExecutionListener, org.springframework.test.context.jdbc.SqlScriptsTestExecutionListener]
00:24:31.722 [Test worker] INFO org.springframework.boot.test.context.SpringBootTestContextBootstrapper - Using TestExecutionListeners: [org.springframework.test.context.web.ServletTestExecutionListener@1d0e0397, org.springframework.test.context.support.DirtiesContextBeforeModesTestExecutionListener@21235138, org.springframework.boot.test.mock.mockito.MockitoTestExecutionListener@600deb1b, org.springframework.boot.test.autoconfigure.SpringBootDependencyInjectionTestExecutionListener@e5b3815, org.springframework.test.context.support.DirtiesContextTestExecutionListener@632480f2, org.springframework.test.context.transaction.TransactionalTestExecutionListener@58b5a73f, org.springframework.test.context.jdbc.SqlScriptsTestExecutionListener@57efda01, org.springframework.boot.test.autoconfigure.restdocs.RestDocsTestExecutionListener@23cb79, org.springframework.boot.test.autoconfigure.web.client.MockRestServiceServerResetTestExecutionListener@47c7e89f, org.springframework.boot.test.autoconfigure.web.servlet.MockMvcPrintOnlyOnFailureTestExecutionListener@323e3307, org.springframework.boot.test.autoconfigure.web.servlet.WebDriverTestExecutionListener@1ba8d893, org.springframework.boot.test.mock.mockito.ResetMocksTestExecutionListener@54eb09c]
00:24:31.729 [Test worker] DEBUG org.springframework.test.annotation.ProfileValueUtils - Retrieved @ProfileValueSourceConfiguration [null] for test class [com.heumsi.springboot.web.domain.posts.PostsRepositoryTest]
00:24:31.729 [Test worker] DEBUG org.springframework.test.annotation.ProfileValueUtils - Retrieved ProfileValueSource type [class org.springframework.test.annotation.SystemProfileValueSource] for class [com.heumsi.springboot.web.domain.posts.PostsRepositoryTest]
00:24:31.735 [Test worker] DEBUG org.springframework.test.annotation.ProfileValueUtils - Retrieved @ProfileValueSourceConfiguration [null] for test class [com.heumsi.springboot.web.domain.posts.PostsRepositoryTest]
00:24:31.735 [Test worker] DEBUG org.springframework.test.annotation.ProfileValueUtils - Retrieved ProfileValueSource type [class org.springframework.test.annotation.SystemProfileValueSource] for class [com.heumsi.springboot.web.domain.posts.PostsRepositoryTest]
00:24:31.736 [Test worker] DEBUG org.springframework.test.annotation.ProfileValueUtils - Retrieved @ProfileValueSourceConfiguration [null] for test class [com.heumsi.springboot.web.domain.posts.PostsRepositoryTest]
00:24:31.737 [Test worker] DEBUG org.springframework.test.annotation.ProfileValueUtils - Retrieved ProfileValueSource type [class org.springframework.test.annotation.SystemProfileValueSource] for class [com.heumsi.springboot.web.domain.posts.PostsRepositoryTest]
00:24:31.742 [Test worker] DEBUG org.springframework.test.context.support.AbstractDirtiesContextTestExecutionListener - Before test class: context [DefaultTestContext@4c9b2928 testClass = PostsRepositoryTest, testInstance = [null], testMethod = [null], testException = [null], mergedContextConfiguration = [WebMergedContextConfiguration@64a608de testClass = PostsRepositoryTest, locations = '{}', classes = '{class com.heumsi.springboot.Application}', contextInitializerClasses = '[]', activeProfiles = '{}', propertySourceLocations = '{}', propertySourceProperties = '{org.springframework.boot.test.context.SpringBootTestContextBootstrapper=true}', contextCustomizers = set[org.springframework.boot.test.autoconfigure.properties.PropertyMappingContextCustomizer@0, org.springframework.boot.test.autoconfigure.web.servlet.WebDriverContextCustomizerFactory$Customizer@3e2a56b4, org.springframework.boot.test.context.filter.ExcludeFilterContextCustomizer@738e413b, org.springframework.boot.test.json.DuplicateJsonObjectContextCustomizerFactory$DuplicateJsonObjectContextCustomizer@637b1e67, org.springframework.boot.test.mock.mockito.MockitoContextCustomizer@0, org.springframework.boot.test.web.client.TestRestTemplateContextCustomizer@73905259], resourceBasePath = 'src/main/webapp', contextLoader = 'org.springframework.boot.test.context.SpringBootContextLoader', parent = [null]], attributes = map['org.springframework.test.context.web.ServletTestExecutionListener.activateListener' -> true]], class annotated with @DirtiesContext [false] with mode [null].
00:24:31.743 [Test worker] DEBUG org.springframework.test.annotation.ProfileValueUtils - Retrieved @ProfileValueSourceConfiguration [null] for test class [com.heumsi.springboot.web.domain.posts.PostsRepositoryTest]
00:24:31.743 [Test worker] DEBUG org.springframework.test.annotation.ProfileValueUtils - Retrieved ProfileValueSource type [class org.springframework.test.annotation.SystemProfileValueSource] for class [com.heumsi.springboot.web.domain.posts.PostsRepositoryTest]
00:24:31.764 [Test worker] DEBUG org.springframework.test.context.support.TestPropertySourceUtils - Adding inlined properties to environment: {spring.jmx.enabled=false, org.springframework.boot.test.context.SpringBootTestContextBootstrapper=true, server.port=-1}

  .   ____          _            __ _ _
 /\\ / ___'_ __ _ _(_)_ __  __ _ \ \ \ \
( ( )\___ | '_ | '_| | '_ \/ _` | \ \ \ \
 \\/  ___)| |_)| | | | | || (_| |  ) ) ) )
  '  |____| .__|_| |_|_| |_\__, | / / / /
 =========|_|==============|___/=/_/_/_/
 :: Spring Boot ::        (v2.1.7.RELEASE)

2020-01-12 00:24:37.044  INFO 58132 --- [    Test worker] c.h.s.w.d.posts.PostsRepositoryTest      : Starting PostsRepositoryTest on Macui-MacBook-Pro.local with PID 58132 (started by heumsi in /Users/heumsi/Desktop/dev/springboot/springboot2-webservice)
2020-01-12 00:24:37.046  INFO 58132 --- [    Test worker] c.h.s.w.d.posts.PostsRepositoryTest      : No active profile set, falling back to default profiles: default
2020-01-12 00:24:37.761  INFO 58132 --- [    Test worker] .s.d.r.c.RepositoryConfigurationDelegate : Bootstrapping Spring Data repositories in DEFAULT mode.
2020-01-12 00:24:37.854  INFO 58132 --- [    Test worker] .s.d.r.c.RepositoryConfigurationDelegate : Finished Spring Data repository scanning in 72ms. Found 1 repository interfaces.
2020-01-12 00:24:38.332  INFO 58132 --- [    Test worker] trationDelegate$BeanPostProcessorChecker : Bean 'org.springframework.transaction.annotation.ProxyTransactionManagementConfiguration' of type [org.springframework.transaction.annotation.ProxyTransactionManagementConfiguration$$EnhancerBySpringCGLIB$$9747cee8] is not eligible for getting processed by all BeanPostProcessors (for example: not eligible for auto-proxying)
2020-01-12 00:24:38.590  INFO 58132 --- [    Test worker] com.zaxxer.hikari.HikariDataSource       : HikariPool-1 - Starting...
2020-01-12 00:24:38.781  INFO 58132 --- [    Test worker] com.zaxxer.hikari.HikariDataSource       : HikariPool-1 - Start completed.
2020-01-12 00:24:38.891  INFO 58132 --- [    Test worker] o.hibernate.jpa.internal.util.LogHelper  : HHH000204: Processing PersistenceUnitInfo [
	name: default
	...]
2020-01-12 00:24:38.971  INFO 58132 --- [    Test worker] org.hibernate.Version                    : HHH000412: Hibernate Core {5.3.10.Final}
2020-01-12 00:24:38.973  INFO 58132 --- [    Test worker] org.hibernate.cfg.Environment            : HHH000206: hibernate.properties not found
2020-01-12 00:24:39.174  INFO 58132 --- [    Test worker] o.hibernate.annotations.common.Version   : HCANN000001: Hibernate Commons Annotations {5.0.4.Final}
2020-01-12 00:24:39.358  INFO 58132 --- [    Test worker] org.hibernate.dialect.Dialect            : HHH000400: Using dialect: org.hibernate.dialect.MySQL5InnoDBDialect
Hibernate: drop table if exists posts
Hibernate: create table posts (id bigint not null auto_increment, created_date datetime, modified_date datetime, author varchar(255), content TEXT not null, title varchar(500) not null, primary key (id)) engine=InnoDB
2020-01-12 00:24:40.082  INFO 58132 --- [    Test worker] o.h.t.schema.internal.SchemaCreatorImpl  : HHH000476: Executing import script 'org.hibernate.tool.schema.internal.exec.ScriptSourceInputNonExistentImpl@35daeee4'
2020-01-12 00:24:40.086  INFO 58132 --- [    Test worker] j.LocalContainerEntityManagerFactoryBean : Initialized JPA EntityManagerFactory for persistence unit 'default'
2020-01-12 00:24:41.072  INFO 58132 --- [    Test worker] o.s.s.concurrent.ThreadPoolTaskExecutor  : Initializing ExecutorService 'applicationTaskExecutor'
2020-01-12 00:24:41.128  WARN 58132 --- [    Test worker] aWebConfiguration$JpaWebMvcConfiguration : spring.jpa.open-in-view is enabled by default. Therefore, database queries may be performed during view rendering. Explicitly configure spring.jpa.open-in-view to disable this warning
2020-01-12 00:24:41.487  INFO 58132 --- [    Test worker] c.h.s.w.d.posts.PostsRepositoryTest      : Started PostsRepositoryTest in 9.707 seconds (JVM running for 10.837)
Hibernate: insert into posts (created_date, modified_date, author, content, title) values (?, ?, ?, ?, ?)
2020-01-12 00:24:41.770  INFO 58132 --- [    Test worker] o.h.h.i.QueryTranslatorFactoryInitiator  : HHH000397: Using ASTQueryTranslatorFactory
Hibernate: select posts0_.id as id1_0_, posts0_.created_date as created_2_0_, posts0_.modified_date as modified3_0_, posts0_.author as author4_0_, posts0_.content as content5_0_, posts0_.title as title6_0_ from posts posts0_
>>>>>>>> createDate=2020-01-12T00:24:41.689095, modifiedDate=2020-01-12T00:24:41.689095
Hibernate: select posts0_.id as id1_0_, posts0_.created_date as created_2_0_, posts0_.modified_date as modified3_0_, posts0_.author as author4_0_, posts0_.content as content5_0_, posts0_.title as title6_0_ from posts posts0_
Hibernate: delete from posts where id=?
]]></system-out>
  <system-err><![CDATA[]]></system-err>
</testsuite>
